c:\users\noka\workplace\project_final\game\doancuoiki\gameninjagaiden\gameninjagaiden\x64\debug\vc142.pdb
c:\users\noka\workplace\project_final\game\doancuoiki\gameninjagaiden\gameninjagaiden\x64\debug\vc142.idb
c:\users\noka\workplace\project_final\game\doancuoiki\gameninjagaiden\gameninjagaiden\x64\debug\cgameobjectbanshee.obj
c:\users\noka\workplace\project_final\game\doancuoiki\gameninjagaiden\gameninjagaiden\x64\debug\cgameobject.obj
c:\users\noka\workplace\project_final\game\doancuoiki\gameninjagaiden\gameninjagaiden\x64\debug\cgameninjagaiden.obj
c:\users\noka\workplace\project_final\game\doancuoiki\gameninjagaiden\gameninjagaiden\x64\debug\cgamebase.obj
c:\users\noka\workplace\project_final\game\doancuoiki\gameninjagaiden\gameninjagaiden\x64\debug\cgame.obj
c:\users\noka\workplace\project_final\game\doancuoiki\gameninjagaiden\gameninjagaiden\x64\debug\cfunction.obj
c:\users\noka\workplace\project_final\game\doancuoiki\gameninjagaiden\gameninjagaiden\x64\debug\cfirewheel.obj
c:\users\noka\workplace\project_final\game\doancuoiki\gameninjagaiden\gameninjagaiden\x64\debug\cfirebullet.obj
c:\users\noka\workplace\project_final\game\doancuoiki\gameninjagaiden\gameninjagaiden\x64\debug\cfire.obj
c:\users\noka\workplace\project_final\game\doancuoiki\gameninjagaiden\gameninjagaiden\x64\debug\cdirectx.obj
c:\users\noka\workplace\project_final\game\doancuoiki\gameninjagaiden\gameninjagaiden\x64\debug\cdebug.obj
c:\users\noka\workplace\project_final\game\doancuoiki\gameninjagaiden\gameninjagaiden\x64\debug\cdartssmall.obj
c:\users\noka\workplace\project_final\game\doancuoiki\gameninjagaiden\gameninjagaiden\x64\debug\cdartsred.obj
c:\users\noka\workplace\project_final\game\doancuoiki\gameninjagaiden\gameninjagaiden\x64\debug\ccollision.obj
c:\users\noka\workplace\project_final\game\doancuoiki\gameninjagaiden\gameninjagaiden\x64\debug\ccamera.obj
c:\users\noka\workplace\project_final\game\doancuoiki\gameninjagaiden\gameninjagaiden\x64\debug\cbulletmachinegunguy.obj
c:\users\noka\workplace\project_final\game\doancuoiki\gameninjagaiden\gameninjagaiden\x64\debug\cbulletboss.obj
c:\users\noka\workplace\project_final\game\doancuoiki\gameninjagaiden\gameninjagaiden\x64\debug\cbonusblue.obj
c:\users\noka\workplace\project_final\game\doancuoiki\gameninjagaiden\gameninjagaiden\x64\debug\canimations.obj
c:\users\noka\workplace\project_final\game\doancuoiki\gameninjagaiden\gameninjagaiden\x64\debug\cbonusred.obj
c:\users\noka\workplace\project_final\game\doancuoiki\gameninjagaiden\gameninjagaiden\x64\debug\csamplekeyhandler.obj
c:\users\noka\workplace\project_final\game\doancuoiki\gameninjagaiden\gameninjagaiden\x64\debug\crestorephysicalstrength.obj
c:\users\noka\workplace\project_final\game\doancuoiki\gameninjagaiden\gameninjagaiden\x64\debug\cmap.obj
c:\users\noka\workplace\project_final\game\doancuoiki\gameninjagaiden\gameninjagaiden\x64\debug\cmain.obj
c:\users\noka\workplace\project_final\game\doancuoiki\gameninjagaiden\gameninjagaiden\x64\debug\cknifebanshee.obj
c:\users\noka\workplace\project_final\game\doancuoiki\gameninjagaiden\gameninjagaiden\x64\debug\citemcontainer4.obj
c:\users\noka\workplace\project_final\game\doancuoiki\gameninjagaiden\gameninjagaiden\x64\debug\cinput.obj
c:\users\noka\workplace\project_final\game\doancuoiki\gameninjagaiden\gameninjagaiden\x64\debug\cgridmap.obj
c:\users\noka\workplace\project_final\game\doancuoiki\gameninjagaiden\gameninjagaiden\x64\debug\cgamesound.obj
c:\users\noka\workplace\project_final\game\doancuoiki\gameninjagaiden\gameninjagaiden\x64\debug\cgameobjectwater.obj
c:\users\noka\workplace\project_final\game\doancuoiki\gameninjagaiden\gameninjagaiden\x64\debug\cgameobjectwall.obj
c:\users\noka\workplace\project_final\game\doancuoiki\gameninjagaiden\gameninjagaiden\x64\debug\cgameobjectmachinegunguy.obj
c:\users\noka\workplace\project_final\game\doancuoiki\gameninjagaiden\gameninjagaiden\x64\debug\cgameobjectswordman.obj
c:\users\noka\workplace\project_final\game\doancuoiki\gameninjagaiden\gameninjagaiden\x64\debug\cgameobjects.obj
c:\users\noka\workplace\project_final\game\doancuoiki\gameninjagaiden\gameninjagaiden\x64\debug\cgameobjectryu.obj
c:\users\noka\workplace\project_final\game\doancuoiki\gameninjagaiden\gameninjagaiden\x64\debug\cgameobjectground.obj
c:\users\noka\workplace\project_final\game\doancuoiki\gameninjagaiden\gameninjagaiden\x64\debug\cgameobjectcat.obj
c:\users\noka\workplace\project_final\game\doancuoiki\gameninjagaiden\gameninjagaiden\x64\debug\cgameobjectboss.obj
c:\users\noka\workplace\project_final\game\doancuoiki\gameninjagaiden\gameninjagaiden\x64\debug\cgameobjectbirdbrown.obj
c:\users\noka\workplace\project_final\game\doancuoiki\gameninjagaiden\gameninjagaiden\x64\debug\cgameobjectbatbrown.obj
c:\users\noka\workplace\project_final\game\doancuoiki\gameninjagaiden\gameninjagaiden\x64\debug\tinyxmlerror.obj
c:\users\noka\workplace\project_final\game\doancuoiki\gameninjagaiden\gameninjagaiden\x64\debug\tinyxml.obj
c:\users\noka\workplace\project_final\game\doancuoiki\gameninjagaiden\gameninjagaiden\x64\debug\tinystr.obj
c:\users\noka\workplace\project_final\game\doancuoiki\gameninjagaiden\gameninjagaiden\x64\debug\dxutil.obj
c:\users\noka\workplace\project_final\game\doancuoiki\gameninjagaiden\gameninjagaiden\x64\debug\dsutil.obj
c:\users\noka\workplace\project_final\game\doancuoiki\gameninjagaiden\gameninjagaiden\x64\debug\cwindow.obj
c:\users\noka\workplace\project_final\game\doancuoiki\gameninjagaiden\gameninjagaiden\x64\debug\ctimefreeze.obj
c:\users\noka\workplace\project_final\game\doancuoiki\gameninjagaiden\gameninjagaiden\x64\debug\ctime.obj
c:\users\noka\workplace\project_final\game\doancuoiki\gameninjagaiden\gameninjagaiden\x64\debug\cthrowingstar.obj
c:\users\noka\workplace\project_final\game\doancuoiki\gameninjagaiden\gameninjagaiden\x64\debug\ctextures.obj
c:\users\noka\workplace\project_final\game\doancuoiki\gameninjagaiden\gameninjagaiden\x64\debug\csword.obj
c:\users\noka\workplace\project_final\game\doancuoiki\gameninjagaiden\gameninjagaiden\x64\debug\cstatethird.obj
c:\users\noka\workplace\project_final\game\doancuoiki\gameninjagaiden\gameninjagaiden\x64\debug\cstates.obj
c:\users\noka\workplace\project_final\game\doancuoiki\gameninjagaiden\gameninjagaiden\x64\debug\cstatemenu.obj
c:\users\noka\workplace\project_final\game\doancuoiki\gameninjagaiden\gameninjagaiden\x64\debug\cstateintro.obj
c:\users\noka\workplace\project_final\game\doancuoiki\gameninjagaiden\gameninjagaiden\x64\debug\cstatefirst.obj
c:\users\noka\workplace\project_final\game\doancuoiki\gameninjagaiden\gameninjagaiden\x64\debug\cstateend.obj
c:\users\noka\workplace\project_final\game\doancuoiki\gameninjagaiden\gameninjagaiden\x64\debug\csprites.obj
c:\users\noka\workplace\project_final\game\doancuoiki\gameninjagaiden\gameninjagaiden\x64\debug\cspiritualstrengthred.obj
c:\users\noka\workplace\project_final\game\doancuoiki\gameninjagaiden\gameninjagaiden\x64\debug\cspiritualstrengthblue.obj
c:\users\noka\workplace\project_final\game\doancuoiki\gameninjagaiden\gameninjagaiden\x64\debug\tinyxmlparser.obj
c:\users\noka\workplace\project_final\game\doancuoiki\gameninjagaiden\x64\debug\gameninjagaiden.exe
c:\users\noka\workplace\project_final\game\doancuoiki\gameninjagaiden\x64\debug\gameninjagaiden.ilk
c:\users\noka\workplace\project_final\game\doancuoiki\gameninjagaiden\x64\debug\gameninjagaiden.pdb
c:\users\noka\workplace\project_final\game\doancuoiki\gameninjagaiden\gameninjagaiden\x64\debug\gameninjagaiden.tlog\cl.command.1.tlog
c:\users\noka\workplace\project_final\game\doancuoiki\gameninjagaiden\gameninjagaiden\x64\debug\gameninjagaiden.tlog\cl.read.1.tlog
c:\users\noka\workplace\project_final\game\doancuoiki\gameninjagaiden\gameninjagaiden\x64\debug\gameninjagaiden.tlog\cl.write.1.tlog
c:\users\noka\workplace\project_final\game\doancuoiki\gameninjagaiden\gameninjagaiden\x64\debug\gameninjagaiden.tlog\link.command.1.tlog
c:\users\noka\workplace\project_final\game\doancuoiki\gameninjagaiden\gameninjagaiden\x64\debug\gameninjagaiden.tlog\link.read.1.tlog
c:\users\noka\workplace\project_final\game\doancuoiki\gameninjagaiden\gameninjagaiden\x64\debug\gameninjagaiden.tlog\link.write.1.tlog
